<?xml version="1.0" encoding="utf-8"?><testsuites name="pytest tests"><testsuite name="pytest" errors="2" failures="0" skipped="0" tests="2" time="21.708" timestamp="2025-09-03T12:20:07.413654-03:00" hostname="MacBook-Air-de-Luciano.local"><testcase classname="" name="tests.test_e2e_selenium" time="0.000"><error message="collection failure">ImportError while importing test module '/Users/lucianoterres/Documents/GitHub/south-media-ia/backend/tests/test_e2e_selenium.py'.
Hint: make sure your test modules/packages have valid Python names.
Traceback:
/usr/local/Cellar/python@3.13/3.13.7/Frameworks/Python.framework/Versions/3.13/lib/python3.13/importlib/__init__.py:88: in import_module
    return _bootstrap._gcd_import(name[level:], package, level)
           ^^^^^^^^^^^^^^^^^^^^^^^^^^^^^^^^^^^^^^^^^^^^^^^^^^^^
tests/test_e2e_selenium.py:19: in &lt;module&gt;
    from webdriver_manager.chrome import ChromeDriverManager
E   ModuleNotFoundError: No module named 'webdriver_manager'</error></testcase><testcase classname="" name="tests.test_performance" time="0.000"><error message="collection failure">ImportError while importing test module '/Users/lucianoterres/Documents/GitHub/south-media-ia/backend/tests/test_performance.py'.
Hint: make sure your test modules/packages have valid Python names.
Traceback:
/usr/local/Cellar/python@3.13/3.13.7/Frameworks/Python.framework/Versions/3.13/lib/python3.13/importlib/__init__.py:88: in import_module
    return _bootstrap._gcd_import(name[level:], package, level)
           ^^^^^^^^^^^^^^^^^^^^^^^^^^^^^^^^^^^^^^^^^^^^^^^^^^^^
tests/test_performance.py:14: in &lt;module&gt;
    import psutil
E   ModuleNotFoundError: No module named 'psutil'</error></testcase></testsuite></testsuites>